# JRE version: OpenJDK Runtime Environment Temurin-17.0.19+10 (17.0.19+10) (build 17.0.19+10)
# Java VM: OpenJDK 64-Bit Server VM Temurin-17.0.19+10 (17.0.19+10, mixed mode, emulated-client, sharing, tiered, compressed oops, compressed class ptrs, g1 gc, windows-amd64)
GC Precious Log:
 CPUs: 4 total, 4 available
 Memory: 7979M
 Large Page Support: Disabled
 NUMA Support: Disabled
 Compressed Oops: Enabled (32-bit)
 Heap Region Size: 1M
 Heap Min Capacity: 8M
 Heap Initial Capacity: 126M
 Heap Max Capacity: 1996M
 Pre-touch: Disabled
 Parallel Workers: 4
 Concurrent Workers: 1
 Concurrent Refinement Workers: 4
 Periodic GC: Disabled
Heap:
 garbage-first heap   total 81920K, used 35833K [0x0000000083400000, 0x0000000100000000)
  region size 1024K, 11 young (11264K), 5 survivors (5120K)
 Metaspace       used 71893K, committed 72448K, reserved 1114112K
  class space    used 10435K, committed 10688K, reserved 1048576K
GC Heap History (20 events):
Event: 8.171 GC heap before
{Heap before GC invocations=5 (full 0):
 garbage-first heap   total 55296K, used 43111K [0x0000000083400000, 0x0000000100000000)
  region size 1024K, 36 young (36864K), 7 survivors (7168K)
 Metaspace       used 24513K, committed 24896K, reserved 1114112K
  class space    used 3385K, committed 3584K, reserved 1048576K
}
Event: 8.207 GC heap after
{Heap after GC invocations=6 (full 0):
 garbage-first heap   total 55296K, used 16219K [0x0000000083400000, 0x0000000100000000)
  region size 1024K, 6 young (6144K), 6 survivors (6144K)
 Metaspace       used 24513K, committed 24896K, reserved 1114112K
  class space    used 3385K, committed 3584K, reserved 1048576K
}
Event: 8.259 GC heap before
{Heap before GC invocations=6 (full 0):
 garbage-first heap   total 55296K, used 17243K [0x0000000083400000, 0x0000000100000000)
  region size 1024K, 7 young (7168K), 6 survivors (6144K)
 Metaspace       used 24698K, committed 25216K, reserved 1114112K
  class space    used 3416K, committed 3648K, reserved 1048576K
}
Event: 8.279 GC heap after
{Heap after GC invocations=7 (full 0):
 garbage-first heap   total 55296K, used 17343K [0x0000000083400000, 0x0000000100000000)
  region size 1024K, 1 young (1024K), 1 survivors (1024K)
 Metaspace       used 24698K, committed 25216K, reserved 1114112K
  class space    used 3416K, committed 3648K, reserved 1048576K
}
Event: 9.482 GC heap before
{Heap before GC invocations=7 (full 0):
 garbage-first heap   total 55296K, used 38847K [0x0000000083400000, 0x0000000100000000)
  region size 1024K, 22 young (22528K), 1 survivors (1024K)
 Metaspace       used 28525K, committed 28928K, reserved 1114112K
  class space    used 3979K, committed 4160K, reserved 1048576K
}
Event: 9.510 GC heap after
{Heap after GC invocations=8 (full 0):
 garbage-first heap   total 55296K, used 18830K [0x0000000083400000, 0x0000000100000000)
  region size 1024K, 3 young (3072K), 3 survivors (3072K)
 Metaspace       used 28525K, committed 28928K, reserved 1114112K
  class space    used 3979K, committed 4160K, reserved 1048576K
}
Event: 10.533 GC heap before
{Heap before GC invocations=8 (full 0):
 garbage-first heap   total 55296K, used 39310K [0x0000000083400000, 0x0000000100000000)
  region size 1024K, 23 young (23552K), 3 survivors (3072K)
 Metaspace       used 32521K, committed 32960K, reserved 1114112K
  class space    used 4481K, committed 4672K, reserved 1048576K
}
Event: 10.544 GC heap after
{Heap after GC invocations=9 (full 0):
 garbage-first heap   total 55296K, used 20263K [0x0000000083400000, 0x0000000100000000)
  region size 1024K, 2 young (2048K), 2 survivors (2048K)
 Metaspace       used 32521K, committed 32960K, reserved 1114112K
  class space    used 4481K, committed 4672K, reserved 1048576K
}
Event: 11.345 GC heap before
{Heap before GC invocations=9 (full 0):
 garbage-first heap   total 55296K, used 32551K [0x0000000083400000, 0x0000000100000000)
  region size 1024K, 15 young (15360K), 2 survivors (2048K)
 Metaspace       used 35641K, committed 36096K, reserved 1114112K
  class space    used 5077K, committed 5312K, reserved 1048576K
}
Event: 11.354 GC heap after
{Heap after GC invocations=10 (full 0):
 garbage-first heap   total 108544K, used 20962K [0x0000000083400000, 0x0000000100000000)
  region size 1024K, 3 young (3072K), 3 survivors (3072K)
 Metaspace       used 35641K, committed 36096K, reserved 1114112K
  class space    used 5077K, committed 5312K, reserved 1048576K
}
Event: 14.663 GC heap before
{Heap before GC invocations=11 (full 0):
 garbage-first heap   total 81920K, used 67042K [0x0000000083400000, 0x0000000100000000)
  region size 1024K, 48 young (49152K), 3 survivors (3072K)
 Metaspace       used 48916K, committed 49408K, reserved 1114112K
  class space    used 6978K, committed 7232K, reserved 1048576K
}
Event: 14.677 GC heap after
{Heap after GC invocations=12 (full 0):
 garbage-first heap   total 81920K, used 24856K [0x0000000083400000, 0x0000000100000000)
  region size 1024K, 6 young (6144K), 6 survivors (6144K)
 Metaspace       used 48916K, committed 49408K, reserved 1114112K
  class space    used 6978K, committed 7232K, reserved 1048576K
}
Event: 16.772 GC heap before
{Heap before GC invocations=12 (full 0):
 garbage-first heap   total 81920K, used 61720K [0x0000000083400000, 0x0000000100000000)
  region size 1024K, 42 young (43008K), 6 survivors (6144K)
 Metaspace       used 58865K, committed 59392K, reserved 1114112K
  class space    used 8259K, committed 8512K, reserved 1048576K
}
Event: 16.786 GC heap after
{Heap after GC invocations=13 (full 0):
 garbage-first heap   total 81920K, used 26402K [0x0000000083400000, 0x0000000100000000)
  region size 1024K, 2 young (2048K), 2 survivors (2048K)
 Metaspace       used 58865K, committed 59392K, reserved 1114112K
  class space    used 8259K, committed 8512K, reserved 1048576K
}
Event: 17.019 GC heap before
{Heap before GC invocations=13 (full 0):
 garbage-first heap   total 81920K, used 30498K [0x0000000083400000, 0x0000000100000000)
  region size 1024K, 7 young (7168K), 2 survivors (2048K)
 Metaspace       used 60072K, committed 60608K, reserved 1114112K
  class space    used 8425K, committed 8704K, reserved 1048576K
}
Event: 17.025 GC heap after
{Heap after GC invocations=14 (full 0):
 garbage-first heap   total 81920K, used 26226K [0x0000000083400000, 0x0000000100000000)
  region size 1024K, 2 young (2048K), 2 survivors (2048K)
 Metaspace       used 60072K, committed 60608K, reserved 1114112K
  class space    used 8425K, committed 8704K, reserved 1048576K
}
Event: 19.329 GC heap before
{Heap before GC invocations=15 (full 0):
 garbage-first heap   total 81920K, used 65138K [0x0000000083400000, 0x0000000100000000)
  region size 1024K, 40 young (40960K), 2 survivors (2048K)
 Metaspace       used 66486K, committed 67072K, reserved 1114112K
  class space    used 9524K, committed 9792K, reserved 1048576K
}
Event: 19.341 GC heap after
{Heap after GC invocations=16 (full 0):
 garbage-first heap   total 81920K, used 28464K [0x0000000083400000, 0x0000000100000000)
  region size 1024K, 4 young (4096K), 4 survivors (4096K)
 Metaspace       used 66486K, committed 67072K, reserved 1114112K
  class space    used 9524K, committed 9792K, reserved 1048576K
}
Event: 21.541 GC heap before
{Heap before GC invocations=17 (full 0):
 garbage-first heap   total 81920K, used 64304K [0x0000000083400000, 0x0000000100000000)
  region size 1024K, 40 young (40960K), 4 survivors (4096K)
 Metaspace       used 71074K, committed 71680K, reserved 1114112K
  class space    used 10329K, committed 10624K, reserved 1048576K
}
Event: 21.552 GC heap after
{Heap after GC invocations=18 (full 0):
 garbage-first heap   total 81920K, used 30713K [0x0000000083400000, 0x0000000100000000)
  region size 1024K, 5 young (5120K), 5 survivors (5120K)
 Metaspace       used 71074K, committed 71680K, reserved 1114112K
  class space    used 10329K, committed 10624K, reserved 1048576K
}

